
=== Sat Feb 17 00:49:40 2024

Packages were changed.
Update Mode: updateDependencies

The following packages were updated:
  com.unity.ide.visualstudio from version 2.0.16 to 2.0.22
  com.unity.render-pipelines.universal from version 12.1.7 to 14.0.9
  com.unity.visualeffectgraph from version 12.1.7 to 14.0.9
  com.unity.visualscripting from version 1.7.8 to 1.9.1

=== Sat Feb 17 00:49:40 2024

Packages were changed.
Update Mode: mergeDefaultDependencies

The following packages were added:
  com.unity.2d.sprite@1.0.0
  com.unity.visualeffectgraph@14.0.9

=== Thu Dec 19 12:43:15 2024

Packages were changed.
Update Mode: updateDependencies

The following packages were added:
  com.unity.modules.accessibility@1.0.0
  com.unity.multiplayer.center@1.0.0
The following packages were updated:
  com.unity.collab-proxy from version 2.2.0 to 2.5.2
  com.unity.formats.fbx from version 4.2.1 to 5.1.1
  com.unity.ide.rider from version 3.0.26 to 3.0.31
  com.unity.render-pipelines.universal from version 14.0.9 to 17.0.3
  com.unity.test-framework from version 1.1.33 to 1.4.5
  com.unity.timeline from version 1.7.6 to 1.8.7
  com.unity.ugui from version 1.0.0 to 2.0.0
  com.unity.visualeffectgraph from version 14.0.9 to 17.0.3
  com.unity.visualscripting from version 1.9.1 to 1.9.5
  com.unity.xr.oculus from version 4.1.2 to 4.4.0
The following packages were removed:
  com.unity.textmeshpro@3.0.6
